c:\users\s017136l\documents\github\mario_game\mario_game\mario_game\debug\vc142.pdb
c:\users\s017136l\documents\github\mario_game\mario_game\mario_game\debug\vc142.idb
c:\users\s017136l\documents\github\mario_game\mario_game\mario_game\debug\texture2d.obj
c:\users\s017136l\documents\github\mario_game\mario_game\mario_game\debug\textrenderer.obj
c:\users\s017136l\documents\github\mario_game\mario_game\mario_game\debug\source.obj
c:\users\s017136l\documents\github\mario_game\mario_game\mario_game\debug\soundeffect.obj
c:\users\s017136l\documents\github\mario_game\mario_game\mario_game\debug\powblock.obj
c:\users\s017136l\documents\github\mario_game\mario_game\mario_game\debug\mainmenuscreen.obj
c:\users\s017136l\documents\github\mario_game\mario_game\mario_game\debug\levelmap.obj
c:\users\s017136l\documents\github\mario_game\mario_game\mario_game\debug\gamescreenmanager.obj
c:\users\s017136l\documents\github\mario_game\mario_game\mario_game\debug\gamescreenlevel2.obj
c:\users\s017136l\documents\github\mario_game\mario_game\mario_game\debug\gamescreenlevel1.obj
c:\users\s017136l\documents\github\mario_game\mario_game\mario_game\debug\gamescreen.obj
c:\users\s017136l\documents\github\mario_game\mario_game\mario_game\debug\collisions.obj
c:\users\s017136l\documents\github\mario_game\mario_game\mario_game\debug\coincharacter.obj
c:\users\s017136l\documents\github\mario_game\mario_game\mario_game\debug\charactermario.obj
c:\users\s017136l\documents\github\mario_game\mario_game\mario_game\debug\characterluigi.obj
c:\users\s017136l\documents\github\mario_game\mario_game\mario_game\debug\characterkoopa.obj
c:\users\s017136l\documents\github\mario_game\mario_game\mario_game\debug\character.obj
c:\users\s017136l\documents\github\mario_game\mario_game\debug\mario_game.exe
c:\users\s017136l\documents\github\mario_game\mario_game\debug\mario_game.ilk
c:\users\s017136l\documents\github\mario_game\mario_game\debug\mario_game.pdb
c:\users\s017136l\documents\github\mario_game\mario_game\mario_game\debug\mario_game.tlog\cl.command.1.tlog
c:\users\s017136l\documents\github\mario_game\mario_game\mario_game\debug\mario_game.tlog\cl.read.1.tlog
c:\users\s017136l\documents\github\mario_game\mario_game\mario_game\debug\mario_game.tlog\cl.write.1.tlog
c:\users\s017136l\documents\github\mario_game\mario_game\mario_game\debug\mario_game.tlog\link.command.1.tlog
c:\users\s017136l\documents\github\mario_game\mario_game\mario_game\debug\mario_game.tlog\link.read.1.tlog
c:\users\s017136l\documents\github\mario_game\mario_game\mario_game\debug\mario_game.tlog\link.write.1.tlog
